<?xml version="1.0" encoding="UTF-8"?>
<!-- Generated by org.testng.reporters.JUnitReportReporter -->
<testsuite skipped="0" hostname="LOXTIPL00004990" name="com.GreatLearning.TestSuite.HappyFlowAutomationTestSuite" tests="1" failures="0" timestamp="2022-03-17T05:33:36 IST" time="121.742" errors="0">
  <testcase name="ATC_001_GreatLearningHappyFlow" time="121.742" classname="com.GreatLearning.TestSuite.HappyFlowAutomationTestSuite"/>
  <system-out/>
</testsuite> <!-- com.GreatLearning.TestSuite.HappyFlowAutomationTestSuite -->
